<?xml version="1.0" encoding="UTF-8"?>
<!-- Generated by org.testng.reporters.JUnitReportReporter -->
<testsuite hostname="LAPTOP-7B1F1I73" failures="0" tests="1" name="com.example.tests.ui.LoginUITest" time="15.205" errors="0" timestamp="2025-09-07T20:50:39 IST" skipped="0">
  <testcase classname="com.example.tests.ui.LoginUITest" name="testCompleteFlightBooking" time="15.205"/>
</testsuite> <!-- com.example.tests.ui.LoginUITest -->
